<?xml version="1.0" encoding="UTF-8"?>
<testng-results ignored="0" total="1" passed="1" failed="0" skipped="0">
  <reporter-output>
  </reporter-output>
  <suite started-at="2021-04-03T14:35:39 IST" name="Default suite" finished-at="2021-04-03T14:35:55 IST" duration-ms="16386">
    <groups>
    </groups>
    <test started-at="2021-04-03T14:35:39 IST" name="Default test" finished-at="2021-04-03T14:35:55 IST" duration-ms="16386">
      <class name="demo1git.demo1git">
        <test-method signature="Test()[pri:0, instance:demo1git.demo1git@293a5bf6]" started-at="2021-04-03T14:35:39 IST" name="Test" finished-at="2021-04-03T14:35:55 IST" duration-ms="16295" status="PASS">
          <reporter-output>
          </reporter-output>
        </test-method> <!-- Test -->
      </class> <!-- demo1git.demo1git -->
    </test> <!-- Default test -->
  </suite> <!-- Default suite -->
</testng-results>
